1618677855: mosquitto version 2.0.7 starting
1618677855: Config loaded from /mosquitto/config/mosquitto.conf.
1618677855: Opening ipv4 listen socket on port 1883.
1618677855: Opening ipv6 listen socket on port 1883.
1618677855: Opening ipv4 listen socket on port 8883.
1618677855: Opening ipv6 listen socket on port 8883.
1618677855: Error: Unable to load server key file "/mosquitto/config/certs/mqtt.example.com.key". Check keyfile.
1618677855: OpenSSL Error[0]: error:02FFF002:system library:func(4095):No such file or directory
1618677855: OpenSSL Error[1]: error:20FFF002:BIO routines:CRYPTO_internal:system lib
1618677855: OpenSSL Error[2]: error:14FFF002:SSL routines:(UNKNOWN)SSL_internal:system lib
1618677861: mosquitto version 2.0.7 starting
1618677861: Config loaded from /mosquitto/config/mosquitto.conf.
1618677861: Opening ipv4 listen socket on port 1883.
1618677861: Opening ipv6 listen socket on port 1883.
1618677861: Opening ipv4 listen socket on port 8883.
1618677861: Opening ipv6 listen socket on port 8883.
1618677861: Error: Unable to load server key file "/mosquitto/config/certs/mqtt.example.com.key". Check keyfile.
1618677861: OpenSSL Error[0]: error:02FFF002:system library:func(4095):No such file or directory
1618677861: OpenSSL Error[1]: error:20FFF002:BIO routines:CRYPTO_internal:system lib
1618677861: OpenSSL Error[2]: error:14FFF002:SSL routines:(UNKNOWN)SSL_internal:system lib
1618677866: mosquitto version 2.0.7 starting
1618677866: Config loaded from /mosquitto/config/mosquitto.conf.
1618677866: Opening ipv4 listen socket on port 1883.
1618677866: Opening ipv6 listen socket on port 1883.
1618677866: Opening ipv4 listen socket on port 8883.
1618677866: Opening ipv6 listen socket on port 8883.
1618677866: Error: Unable to load server key file "/mosquitto/config/certs/mqtt.example.com.key". Check keyfile.
1618677866: OpenSSL Error[0]: error:02FFF002:system library:func(4095):No such file or directory
1618677866: OpenSSL Error[1]: error:20FFF002:BIO routines:CRYPTO_internal:system lib
1618677866: OpenSSL Error[2]: error:14FFF002:SSL routines:(UNKNOWN)SSL_internal:system lib
1618677869: mosquitto version 2.0.7 starting
1618677869: Config loaded from /mosquitto/config/mosquitto.conf.
1618677869: Opening ipv4 listen socket on port 1883.
1618677869: Opening ipv6 listen socket on port 1883.
1618677869: Opening ipv4 listen socket on port 8883.
1618677869: Opening ipv6 listen socket on port 8883.
1618677869: Error: Unable to load server key file "/mosquitto/config/certs/mqtt.example.com.key". Check keyfile.
1618677869: OpenSSL Error[0]: error:02FFF002:system library:func(4095):No such file or directory
1618677869: OpenSSL Error[1]: error:20FFF002:BIO routines:CRYPTO_internal:system lib
1618677869: OpenSSL Error[2]: error:14FFF002:SSL routines:(UNKNOWN)SSL_internal:system lib
1618677872: mosquitto version 2.0.7 starting
1618677872: Config loaded from /mosquitto/config/mosquitto.conf.
1618677872: Opening ipv4 listen socket on port 1883.
1618677872: Opening ipv6 listen socket on port 1883.
1618677872: Opening ipv4 listen socket on port 8883.
1618677872: Opening ipv6 listen socket on port 8883.
1618677872: Error: Unable to load server key file "/mosquitto/config/certs/mqtt.example.com.key". Check keyfile.
1618677872: OpenSSL Error[0]: error:02FFF002:system library:func(4095):No such file or directory
1618677872: OpenSSL Error[1]: error:20FFF002:BIO routines:CRYPTO_internal:system lib
1618677872: OpenSSL Error[2]: error:14FFF002:SSL routines:(UNKNOWN)SSL_internal:system lib
1618677876: mosquitto version 2.0.7 starting
1618677876: Config loaded from /mosquitto/config/mosquitto.conf.
1618677876: Opening ipv4 listen socket on port 1883.
1618677876: Opening ipv6 listen socket on port 1883.
1618677876: Opening ipv4 listen socket on port 8883.
1618677876: Opening ipv6 listen socket on port 8883.
1618677876: Error: Unable to load server key file "/mosquitto/config/certs/mqtt.example.com.key". Check keyfile.
1618677876: OpenSSL Error[0]: error:02FFF002:system library:func(4095):No such file or directory
1618677876: OpenSSL Error[1]: error:20FFF002:BIO routines:CRYPTO_internal:system lib
1618677876: OpenSSL Error[2]: error:14FFF002:SSL routines:(UNKNOWN)SSL_internal:system lib
1618677881: mosquitto version 2.0.7 starting
1618677881: Config loaded from /mosquitto/config/mosquitto.conf.
1618677881: Opening ipv4 listen socket on port 1883.
1618677881: Opening ipv6 listen socket on port 1883.
1618677881: Opening ipv4 listen socket on port 8883.
1618677881: Opening ipv6 listen socket on port 8883.
1618677881: Error: Unable to load server key file "/mosquitto/config/certs/mqtt.example.com.key". Check keyfile.
1618677881: OpenSSL Error[0]: error:02FFF002:system library:func(4095):No such file or directory
1618677881: OpenSSL Error[1]: error:20FFF002:BIO routines:CRYPTO_internal:system lib
1618677881: OpenSSL Error[2]: error:14FFF002:SSL routines:(UNKNOWN)SSL_internal:system lib
1618677890: mosquitto version 2.0.7 starting
1618677890: Config loaded from /mosquitto/config/mosquitto.conf.
1618677890: Opening ipv4 listen socket on port 1883.
1618677890: Opening ipv6 listen socket on port 1883.
1618677890: Opening ipv4 listen socket on port 8883.
1618677890: Opening ipv6 listen socket on port 8883.
1618677890: Error: Unable to load server key file "/mosquitto/config/certs/mqtt.example.com.key". Check keyfile.
1618677890: OpenSSL Error[0]: error:02FFF002:system library:func(4095):No such file or directory
1618677890: OpenSSL Error[1]: error:20FFF002:BIO routines:CRYPTO_internal:system lib
1618677890: OpenSSL Error[2]: error:14FFF002:SSL routines:(UNKNOWN)SSL_internal:system lib
1618677905: mosquitto version 2.0.7 starting
1618677905: Config loaded from /mosquitto/config/mosquitto.conf.
1618677905: Opening ipv4 listen socket on port 1883.
1618677905: Opening ipv6 listen socket on port 1883.
1618677905: Opening ipv4 listen socket on port 8883.
1618677905: Opening ipv6 listen socket on port 8883.
1618677905: Error: Unable to load server key file "/mosquitto/config/certs/mqtt.example.com.key". Check keyfile.
1618677905: OpenSSL Error[0]: error:02FFF002:system library:func(4095):No such file or directory
1618677905: OpenSSL Error[1]: error:20FFF002:BIO routines:CRYPTO_internal:system lib
1618677905: OpenSSL Error[2]: error:14FFF002:SSL routines:(UNKNOWN)SSL_internal:system lib
1618678334: mosquitto version 2.0.7 starting
1618678334: Config loaded from /mosquitto/config/mosquitto.conf.
1618678334: Opening ipv4 listen socket on port 1883.
1618678334: Opening ipv6 listen socket on port 1883.
1618678334: Opening ipv4 listen socket on port 8883.
1618678334: Opening ipv6 listen socket on port 8883.
1618678334: Error: Unable to load server key file "/mosquitto/config/certs/mqtt.example.com.key". Check keyfile.
1618678334: OpenSSL Error[0]: error:02FFF002:system library:func(4095):No such file or directory
1618678334: OpenSSL Error[1]: error:20FFF002:BIO routines:CRYPTO_internal:system lib
1618678334: OpenSSL Error[2]: error:14FFF002:SSL routines:(UNKNOWN)SSL_internal:system lib
1618678341: mosquitto version 2.0.7 starting
1618678341: Config loaded from /mosquitto/config/mosquitto.conf.
1618678341: Opening ipv4 listen socket on port 1883.
1618678341: Opening ipv6 listen socket on port 1883.
1618678341: Opening ipv4 listen socket on port 8883.
1618678341: Opening ipv6 listen socket on port 8883.
1618678341: Error: Unable to load server key file "/mosquitto/config/certs/mqtt.example.com.key". Check keyfile.
1618678341: OpenSSL Error[0]: error:02FFF002:system library:func(4095):No such file or directory
1618678341: OpenSSL Error[1]: error:20FFF002:BIO routines:CRYPTO_internal:system lib
1618678341: OpenSSL Error[2]: error:14FFF002:SSL routines:(UNKNOWN)SSL_internal:system lib
1618678346: mosquitto version 2.0.7 starting
1618678346: Config loaded from /mosquitto/config/mosquitto.conf.
1618678346: Opening ipv4 listen socket on port 1883.
1618678346: Opening ipv6 listen socket on port 1883.
1618678346: Opening ipv4 listen socket on port 8883.
1618678346: Opening ipv6 listen socket on port 8883.
1618678346: Error: Unable to load server key file "/mosquitto/config/certs/mqtt.example.com.key". Check keyfile.
1618678346: OpenSSL Error[0]: error:02FFF002:system library:func(4095):No such file or directory
1618678346: OpenSSL Error[1]: error:20FFF002:BIO routines:CRYPTO_internal:system lib
1618678346: OpenSSL Error[2]: error:14FFF002:SSL routines:(UNKNOWN)SSL_internal:system lib
1618678349: mosquitto version 2.0.7 starting
1618678349: Config loaded from /mosquitto/config/mosquitto.conf.
1618678349: Opening ipv4 listen socket on port 1883.
1618678349: Opening ipv6 listen socket on port 1883.
1618678349: Opening ipv4 listen socket on port 8883.
1618678349: Opening ipv6 listen socket on port 8883.
1618678349: Error: Unable to load server key file "/mosquitto/config/certs/mqtt.example.com.key". Check keyfile.
1618678349: OpenSSL Error[0]: error:02FFF002:system library:func(4095):No such file or directory
1618678349: OpenSSL Error[1]: error:20FFF002:BIO routines:CRYPTO_internal:system lib
1618678349: OpenSSL Error[2]: error:14FFF002:SSL routines:(UNKNOWN)SSL_internal:system lib
1618678352: mosquitto version 2.0.7 starting
1618678352: Config loaded from /mosquitto/config/mosquitto.conf.
1618678352: Opening ipv4 listen socket on port 1883.
1618678352: Opening ipv6 listen socket on port 1883.
1618678352: Opening ipv4 listen socket on port 8883.
1618678352: Opening ipv6 listen socket on port 8883.
1618678352: Error: Unable to load server key file "/mosquitto/config/certs/mqtt.example.com.key". Check keyfile.
1618678352: OpenSSL Error[0]: error:02FFF002:system library:func(4095):No such file or directory
1618678352: OpenSSL Error[1]: error:20FFF002:BIO routines:CRYPTO_internal:system lib
1618678352: OpenSSL Error[2]: error:14FFF002:SSL routines:(UNKNOWN)SSL_internal:system lib
1618678356: mosquitto version 2.0.7 starting
1618678356: Config loaded from /mosquitto/config/mosquitto.conf.
1618678356: Opening ipv4 listen socket on port 1883.
1618678356: Opening ipv6 listen socket on port 1883.
1618678356: Opening ipv4 listen socket on port 8883.
1618678356: Opening ipv6 listen socket on port 8883.
1618678356: Error: Unable to load server key file "/mosquitto/config/certs/mqtt.example.com.key". Check keyfile.
1618678356: OpenSSL Error[0]: error:02FFF002:system library:func(4095):No such file or directory
1618678356: OpenSSL Error[1]: error:20FFF002:BIO routines:CRYPTO_internal:system lib
1618678356: OpenSSL Error[2]: error:14FFF002:SSL routines:(UNKNOWN)SSL_internal:system lib
1618678362: mosquitto version 2.0.7 starting
1618678362: Config loaded from /mosquitto/config/mosquitto.conf.
1618678362: Opening ipv4 listen socket on port 1883.
1618678362: Opening ipv6 listen socket on port 1883.
1618678362: Opening ipv4 listen socket on port 8883.
1618678362: Opening ipv6 listen socket on port 8883.
1618678362: Error: Unable to load server key file "/mosquitto/config/certs/mqtt.example.com.key". Check keyfile.
1618678362: OpenSSL Error[0]: error:02FFF002:system library:func(4095):No such file or directory
1618678362: OpenSSL Error[1]: error:20FFF002:BIO routines:CRYPTO_internal:system lib
1618678362: OpenSSL Error[2]: error:14FFF002:SSL routines:(UNKNOWN)SSL_internal:system lib
1618678849: mosquitto version 2.0.7 starting
1618678849: Config loaded from /mosquitto/config/mosquitto.conf.
1618678849: Opening ipv4 listen socket on port 1883.
1618678849: Opening ipv6 listen socket on port 1883.
1618678849: Opening ipv4 listen socket on port 8883.
1618678849: Opening ipv6 listen socket on port 8883.
1618678849: Error: Unable to load server key file "/mosquitto/config/certs/mqtt.example.com.key". Check keyfile.
1618678849: OpenSSL Error[0]: error:02FFF002:system library:func(4095):No such file or directory
1618678849: OpenSSL Error[1]: error:20FFF002:BIO routines:CRYPTO_internal:system lib
1618678849: OpenSSL Error[2]: error:14FFF002:SSL routines:(UNKNOWN)SSL_internal:system lib
1618678853: mosquitto version 2.0.7 starting
1618678853: Config loaded from /mosquitto/config/mosquitto.conf.
1618678853: Opening ipv4 listen socket on port 1883.
1618678853: Opening ipv6 listen socket on port 1883.
1618678853: Opening ipv4 listen socket on port 8883.
1618678853: Opening ipv6 listen socket on port 8883.
1618678853: Error: Unable to load server key file "/mosquitto/config/certs/mqtt.example.com.key". Check keyfile.
1618678853: OpenSSL Error[0]: error:02FFF002:system library:func(4095):No such file or directory
1618678853: OpenSSL Error[1]: error:20FFF002:BIO routines:CRYPTO_internal:system lib
1618678853: OpenSSL Error[2]: error:14FFF002:SSL routines:(UNKNOWN)SSL_internal:system lib
1618678858: mosquitto version 2.0.7 starting
1618678858: Config loaded from /mosquitto/config/mosquitto.conf.
1618678858: Opening ipv4 listen socket on port 1883.
1618678858: Opening ipv6 listen socket on port 1883.
1618678858: Opening ipv4 listen socket on port 8883.
1618678858: Opening ipv6 listen socket on port 8883.
1618678858: Error: Unable to load server key file "/mosquitto/config/certs/mqtt.example.com.key". Check keyfile.
1618678858: OpenSSL Error[0]: error:02FFF002:system library:func(4095):No such file or directory
1618678858: OpenSSL Error[1]: error:20FFF002:BIO routines:CRYPTO_internal:system lib
1618678858: OpenSSL Error[2]: error:14FFF002:SSL routines:(UNKNOWN)SSL_internal:system lib
1618678861: mosquitto version 2.0.7 starting
1618678861: Config loaded from /mosquitto/config/mosquitto.conf.
1618678861: Opening ipv4 listen socket on port 1883.
1618678861: Opening ipv6 listen socket on port 1883.
1618678861: Opening ipv4 listen socket on port 8883.
1618678861: Opening ipv6 listen socket on port 8883.
1618678861: Error: Unable to load server key file "/mosquitto/config/certs/mqtt.example.com.key". Check keyfile.
1618678861: OpenSSL Error[0]: error:02FFF002:system library:func(4095):No such file or directory
1618678861: OpenSSL Error[1]: error:20FFF002:BIO routines:CRYPTO_internal:system lib
1618678861: OpenSSL Error[2]: error:14FFF002:SSL routines:(UNKNOWN)SSL_internal:system lib
1618678864: mosquitto version 2.0.7 starting
1618678864: Config loaded from /mosquitto/config/mosquitto.conf.
1618678864: Opening ipv4 listen socket on port 1883.
1618678864: Opening ipv6 listen socket on port 1883.
1618678864: Opening ipv4 listen socket on port 8883.
1618678864: Opening ipv6 listen socket on port 8883.
1618678864: Error: Unable to load server key file "/mosquitto/config/certs/mqtt.example.com.key". Check keyfile.
1618678864: OpenSSL Error[0]: error:02FFF002:system library:func(4095):No such file or directory
1618678864: OpenSSL Error[1]: error:20FFF002:BIO routines:CRYPTO_internal:system lib
1618678864: OpenSSL Error[2]: error:14FFF002:SSL routines:(UNKNOWN)SSL_internal:system lib
1618678868: mosquitto version 2.0.7 starting
1618678868: Config loaded from /mosquitto/config/mosquitto.conf.
1618678868: Opening ipv4 listen socket on port 1883.
1618678868: Opening ipv6 listen socket on port 1883.
1618678868: Opening ipv4 listen socket on port 8883.
1618678868: Opening ipv6 listen socket on port 8883.
1618678868: Error: Unable to load server key file "/mosquitto/config/certs/mqtt.example.com.key". Check keyfile.
1618678868: OpenSSL Error[0]: error:02FFF002:system library:func(4095):No such file or directory
1618678868: OpenSSL Error[1]: error:20FFF002:BIO routines:CRYPTO_internal:system lib
1618678868: OpenSSL Error[2]: error:14FFF002:SSL routines:(UNKNOWN)SSL_internal:system lib
1618678873: mosquitto version 2.0.7 starting
1618678873: Config loaded from /mosquitto/config/mosquitto.conf.
1618678873: Opening ipv4 listen socket on port 1883.
1618678873: Opening ipv6 listen socket on port 1883.
1618678873: Opening ipv4 listen socket on port 8883.
1618678873: Opening ipv6 listen socket on port 8883.
1618678873: Error: Unable to load server key file "/mosquitto/config/certs/mqtt.example.com.key". Check keyfile.
1618678873: OpenSSL Error[0]: error:02FFF002:system library:func(4095):No such file or directory
1618678873: OpenSSL Error[1]: error:20FFF002:BIO routines:CRYPTO_internal:system lib
1618678873: OpenSSL Error[2]: error:14FFF002:SSL routines:(UNKNOWN)SSL_internal:system lib
1618679076: mosquitto version 2.0.7 starting
1618679076: Config loaded from /mosquitto/config/mosquitto.conf.
1618679076: Opening ipv4 listen socket on port 1883.
1618679076: Opening ipv6 listen socket on port 1883.
1618679076: mosquitto version 2.0.7 running
1618679130: New connection from 10.5.0.9:59894 on port 1883.
1618679131: New client connected from 10.5.0.9:59894 as FR51100-JAURES-GW-001 (p2, c1, k60).
1618679154: Client FR51100-JAURES-GW-001 closed its connection.
1618679156: mosquitto version 2.0.7 terminating
1618679156: Saving in-memory database to /mosquitto/data//mosquitto.db.
1618742175: mosquitto version 2.0.7 starting
1618742175: Config loaded from /mosquitto/config/mosquitto.conf.
1618742175: Opening ipv4 listen socket on port 1883.
1618742175: Opening ipv6 listen socket on port 1883.
1618742175: mosquitto version 2.0.7 running
1618742234: New connection from 10.5.0.9:59958 on port 1883.
1618742234: New client connected from 10.5.0.9:59958 as FR51100-JAURES-GW-001 (p2, c1, k60).
1618743381: Client FR51100-JAURES-GW-001 closed its connection.
1618743383: mosquitto version 2.0.7 terminating
1618743383: Saving in-memory database to /mosquitto/data//mosquitto.db.
1618743856: mosquitto version 2.0.7 starting
1618743856: Config loaded from /mosquitto/config/mosquitto.conf.
1618743856: Opening ipv4 listen socket on port 1883.
1618743856: Opening ipv6 listen socket on port 1883.
1618743856: mosquitto version 2.0.7 running
1618743895: mosquitto version 2.0.7 terminating
1618743895: Saving in-memory database to /mosquitto/data//mosquitto.db.
1618744277: mosquitto version 2.0.7 starting
1618744277: Config loaded from /mosquitto/config/mosquitto.conf.
1618744277: Opening ipv4 listen socket on port 1883.
1618744277: Opening ipv6 listen socket on port 1883.
1618744277: mosquitto version 2.0.7 running
1618744302: mosquitto version 2.0.7 terminating
1618744302: Saving in-memory database to /mosquitto/data//mosquitto.db.
1618744781: mosquitto version 2.0.7 starting
1618744781: Config loaded from /mosquitto/config/mosquitto.conf.
1618744781: Opening ipv4 listen socket on port 1883.
1618744781: Opening ipv6 listen socket on port 1883.
1618744781: mosquitto version 2.0.7 running
1618744814: mosquitto version 2.0.7 terminating
1618744814: Saving in-memory database to /mosquitto/data//mosquitto.db.
1618745222: mosquitto version 2.0.7 starting
1618745222: Config loaded from /mosquitto/config/mosquitto.conf.
1618745222: Opening ipv4 listen socket on port 1883.
1618745222: Opening ipv6 listen socket on port 1883.
1618745222: mosquitto version 2.0.7 running
1618745256: mosquitto version 2.0.7 terminating
1618745256: Saving in-memory database to /mosquitto/data//mosquitto.db.
1618745533: mosquitto version 2.0.7 starting
1618745533: Config loaded from /mosquitto/config/mosquitto.conf.
1618745533: Opening ipv4 listen socket on port 1883.
1618745533: Opening ipv6 listen socket on port 1883.
1618745533: mosquitto version 2.0.7 running
1618745557: mosquitto version 2.0.7 terminating
1618745557: Saving in-memory database to /mosquitto/data//mosquitto.db.
1618745847: mosquitto version 2.0.7 starting
1618745847: Config loaded from /mosquitto/config/mosquitto.conf.
1618745847: Opening ipv4 listen socket on port 1883.
1618745847: Opening ipv6 listen socket on port 1883.
1618745847: mosquitto version 2.0.7 running
1618853605: mosquitto version 2.0.7 starting
1618853605: Config loaded from /mosquitto/config/mosquitto.conf.
1618853605: Opening ipv4 listen socket on port 1883.
1618853605: Opening ipv6 listen socket on port 1883.
1618853605: mosquitto version 2.0.7 running
1618853666: New connection from 10.5.0.9:36012 on port 1883.
1618853666: New client connected from 10.5.0.9:36012 as FR51100-JAURES-GW-001 (p2, c1, k60).
1618853789: Client FR51100-JAURES-GW-001 closed its connection.
1618853792: mosquitto version 2.0.7 terminating
1618853792: Saving in-memory database to /mosquitto/data//mosquitto.db.
1618853828: mosquitto version 2.0.7 starting
1618853828: Config loaded from /mosquitto/config/mosquitto.conf.
1618853828: Opening ipv4 listen socket on port 1883.
1618853828: Opening ipv6 listen socket on port 1883.
1618853828: mosquitto version 2.0.7 running
1618853857: New connection from 10.5.0.9:36032 on port 1883.
1618853858: New client connected from 10.5.0.9:36032 as FR51100-JAURES-GW-001 (p2, c1, k60).
1618853966: New connection from 10.5.0.27:49489 on port 1883.
1618853966: New client connected from 10.5.0.27:49489 as FR-CAR-1 (p2, c1, k60).
1618853979: New connection from 10.5.0.28:57177 on port 1883.
1618853979: New client connected from 10.5.0.28:57177 as FR-CAR-2 (p2, c1, k60).
1618853990: New connection from 10.5.0.29:57415 on port 1883.
1618853990: New client connected from 10.5.0.29:57415 as FR-CAR-URG-1 (p2, c1, k60).
1618853994: Client FR-CAR-1 closed its connection.
1618854011: Client FR-CAR-2 closed its connection.
1618854056: Client FR-CAR-URG-1 closed its connection.
1618854170: Client FR51100-JAURES-GW-001 closed its connection.
1618854172: mosquitto version 2.0.7 terminating
1618854172: Saving in-memory database to /mosquitto/data//mosquitto.db.
1618855886: mosquitto version 2.0.7 starting
1618855886: Config loaded from /mosquitto/config/mosquitto.conf.
1618855886: Opening ipv4 listen socket on port 1883.
1618855886: Opening ipv6 listen socket on port 1883.
1618855886: mosquitto version 2.0.7 running
1618855952: New connection from 10.5.0.9:36138 on port 1883.
1618855952: New client connected from 10.5.0.9:36138 as FR51100-JAURES-GW-001 (p2, c1, k60).
1618856018: Client FR51100-JAURES-GW-001 closed its connection.
1618856020: mosquitto version 2.0.7 terminating
1618856020: Saving in-memory database to /mosquitto/data//mosquitto.db.
1618856721: mosquitto version 2.0.7 starting
1618856721: Config loaded from /mosquitto/config/mosquitto.conf.
1618856721: Opening ipv4 listen socket on port 1883.
1618856721: Opening ipv6 listen socket on port 1883.
1618856721: mosquitto version 2.0.7 running
1618856751: mosquitto version 2.0.7 terminating
1618856751: Saving in-memory database to /mosquitto/data//mosquitto.db.
1618857162: mosquitto version 2.0.7 starting
1618857162: Config loaded from /mosquitto/config/mosquitto.conf.
1618857162: Opening ipv4 listen socket on port 1883.
1618857162: Opening ipv6 listen socket on port 1883.
1618857162: mosquitto version 2.0.7 running
1618857236: New connection from 10.5.0.9:36306 on port 1883.
1618857236: New client connected from 10.5.0.9:36306 as FR51100-JAURES-GW-001 (p2, c1, k60).
1618857301: Client FR51100-JAURES-GW-001 closed its connection.
1618857303: mosquitto version 2.0.7 terminating
1618857303: Saving in-memory database to /mosquitto/data//mosquitto.db.
1618914074: mosquitto version 2.0.7 starting
1618914074: Config loaded from /mosquitto/config/mosquitto.conf.
1618914074: Opening ipv4 listen socket on port 1883.
1618914074: Opening ipv6 listen socket on port 1883.
1618914074: mosquitto version 2.0.7 running
1618914101: mosquitto version 2.0.7 terminating
1618914101: Saving in-memory database to /mosquitto/data//mosquitto.db.
1618914497: mosquitto version 2.0.7 starting
1618914497: Config loaded from /mosquitto/config/mosquitto.conf.
1618914497: Opening ipv4 listen socket on port 1883.
1618914497: Opening ipv6 listen socket on port 1883.
1618914497: mosquitto version 2.0.7 running
1618914553: New connection from 10.5.0.9:39550 on port 1883.
1618914554: New client connected from 10.5.0.9:39550 as FR51100-JAURES-GW-001 (p2, c1, k60).
1618914648: Client FR51100-JAURES-GW-001 closed its connection.
1618914650: mosquitto version 2.0.7 terminating
1618914650: Saving in-memory database to /mosquitto/data//mosquitto.db.
1618914950: mosquitto version 2.0.7 starting
1618914950: Config loaded from /mosquitto/config/mosquitto.conf.
1618914950: Opening ipv4 listen socket on port 1883.
1618914950: Opening ipv6 listen socket on port 1883.
1618914950: mosquitto version 2.0.7 running
1618915008: New connection from 10.5.0.9:39626 on port 1883.
1618915008: New client connected from 10.5.0.9:39626 as FR51100-JAURES-GW-001 (p2, c1, k60).
1618915128: Client FR51100-JAURES-GW-001 closed its connection.
1618915130: mosquitto version 2.0.7 terminating
1618915130: Saving in-memory database to /mosquitto/data//mosquitto.db.
1618915735: mosquitto version 2.0.7 starting
1618915735: Config loaded from /mosquitto/config/mosquitto.conf.
1618915735: Opening ipv4 listen socket on port 1883.
1618915735: Opening ipv6 listen socket on port 1883.
1618915735: mosquitto version 2.0.7 running
1618915791: New connection from 10.5.0.9:39788 on port 1883.
1618915792: New client connected from 10.5.0.9:39788 as FR51100-JAURES-GW-001 (p2, c1, k60).
1618915870: New connection from 10.5.0.27:41485 on port 1883.
1618915870: New client connected from 10.5.0.27:41485 as FR-CAR-1 (p2, c1, k60).
1618915872: New connection from 10.5.0.28:46029 on port 1883.
1618915872: New client connected from 10.5.0.28:46029 as FR-CAR-2 (p2, c1, k60).
1618915874: New connection from 10.5.0.29:32917 on port 1883.
1618915874: New client connected from 10.5.0.29:32917 as FR-CAR-URG-1 (p2, c1, k60).
1618915898: Client FR-CAR-1 closed its connection.
1618915904: Client FR-CAR-2 closed its connection.
1618915940: Client FR-CAR-URG-1 closed its connection.
1618916269: Client FR51100-JAURES-GW-001 closed its connection.
1618916313: mosquitto version 2.0.7 terminating
1618916313: Saving in-memory database to /mosquitto/data//mosquitto.db.
1618916916: mosquitto version 2.0.7 starting
1618916916: Config loaded from /mosquitto/config/mosquitto.conf.
1618916916: Opening ipv4 listen socket on port 1883.
1618916916: Opening ipv6 listen socket on port 1883.
1618916916: mosquitto version 2.0.7 running
1618916975: New connection from 10.5.0.9:39928 on port 1883.
1618916975: New client connected from 10.5.0.9:39928 as FR51100-JAURES-GW-001 (p2, c1, k60).
1618917370: Client FR51100-JAURES-GW-001 closed its connection.
1618917373: mosquitto version 2.0.7 terminating
1618917373: Saving in-memory database to /mosquitto/data//mosquitto.db.
1618917666: mosquitto version 2.0.7 starting
1618917666: Config loaded from /mosquitto/config/mosquitto.conf.
1618917666: Opening ipv4 listen socket on port 1883.
1618917666: Opening ipv6 listen socket on port 1883.
1618917666: mosquitto version 2.0.7 running
1618917696: New connection from 10.5.0.9:39996 on port 1883.
1618917696: New client connected from 10.5.0.9:39996 as FR51100-JAURES-GW-001 (p2, c1, k60).
1618917747: New connection from 10.5.0.27:52789 on port 1883.
1618917747: New client connected from 10.5.0.27:52789 as FR-CAR-1 (p2, c1, k60).
1618917749: New connection from 10.5.0.28:49153 on port 1883.
1618917749: New client connected from 10.5.0.28:49153 as FR-CAR-2 (p2, c1, k60).
1618917750: New connection from 10.5.0.29:60333 on port 1883.
1618917750: New client connected from 10.5.0.29:60333 as FR-CAR-URG-1 (p2, c1, k60).
1618917775: Client FR-CAR-1 closed its connection.
1618917780: Client FR-CAR-2 closed its connection.
1618917801: Client FR51100-JAURES-GW-001 closed its connection.
1618917803: mosquitto version 2.0.7 terminating
1618917803: Saving in-memory database to /mosquitto/data//mosquitto.db.
1618917916: mosquitto version 2.0.7 starting
1618917916: Config loaded from /mosquitto/config/mosquitto.conf.
1618917916: Opening ipv4 listen socket on port 1883.
1618917916: Opening ipv6 listen socket on port 1883.
1618917916: mosquitto version 2.0.7 running
1618917978: New connection from 10.5.0.9:40118 on port 1883.
1618917979: New client connected from 10.5.0.9:40118 as FR51100-JAURES-GW-001 (p2, c1, k60).
1618918044: New connection from 10.5.0.27:46607 on port 1883.
1618918044: New client connected from 10.5.0.27:46607 as FR-CAR-1 (p2, c1, k60).
1618918046: New connection from 10.5.0.28:50187 on port 1883.
1618918046: New client connected from 10.5.0.28:50187 as FR-CAR-2 (p2, c1, k60).
1618918047: New connection from 10.5.0.29:56385 on port 1883.
1618918047: New client connected from 10.5.0.29:56385 as FR-CAR-URG-1 (p2, c1, k60).
1618918072: Client FR-CAR-1 closed its connection.
1618918078: Client FR-CAR-2 closed its connection.
1618918114: Client FR-CAR-URG-1 closed its connection.
1618918330: Client FR51100-JAURES-GW-001 closed its connection.
1618918332: mosquitto version 2.0.7 terminating
1618918332: Saving in-memory database to /mosquitto/data//mosquitto.db.
1618921596: mosquitto version 2.0.7 starting
1618921596: Config loaded from /mosquitto/config/mosquitto.conf.
1618921596: Opening ipv4 listen socket on port 1883.
1618921596: Opening ipv6 listen socket on port 1883.
1618921596: mosquitto version 2.0.7 running
1618921657: New connection from 10.5.0.9:40456 on port 1883.
1618921657: New client connected from 10.5.0.9:40456 as FR51100-JAURES-GW-001 (p2, c1, k60).
1618921756: New connection from 10.5.0.27:35615 on port 1883.
1618921756: New client connected from 10.5.0.27:35615 as FR-CAR-1 (p2, c1, k60).
1618921759: New connection from 10.5.0.28:33595 on port 1883.
1618921759: New client connected from 10.5.0.28:33595 as FR-CAR-2 (p2, c1, k60).
1618921760: New connection from 10.5.0.29:46749 on port 1883.
1618921760: New client connected from 10.5.0.29:46749 as FR-CAR-URG-1 (p2, c1, k60).
1618921784: Client FR-CAR-1 closed its connection.
1618921790: Client FR-CAR-2 closed its connection.
1618921826: Client FR-CAR-URG-1 closed its connection.
1618923078: Client FR51100-JAURES-GW-001 closed its connection.
1618923080: mosquitto version 2.0.7 terminating
1618923080: Saving in-memory database to /mosquitto/data//mosquitto.db.
1618923433: mosquitto version 2.0.7 starting
1618923433: Config loaded from /mosquitto/config/mosquitto.conf.
1618923433: Opening ipv4 listen socket on port 1883.
1618923433: Opening ipv6 listen socket on port 1883.
1618923433: mosquitto version 2.0.7 running
1618923504: New connection from 10.5.0.9:40660 on port 1883.
1618923504: New client connected from 10.5.0.9:40660 as FR51100-JAURES-GW-001 (p2, c1, k60).
1618923585: New connection from 10.5.0.27:44977 on port 1883.
1618923585: New client connected from 10.5.0.27:44977 as FR-CAR-1 (p2, c1, k60).
1618923588: New connection from 10.5.0.28:44409 on port 1883.
1618923588: New client connected from 10.5.0.28:44409 as FR-CAR-2 (p2, c1, k60).
1618923589: New connection from 10.5.0.29:53631 on port 1883.
1618923589: New client connected from 10.5.0.29:53631 as FR-CAR-URG-1 (p2, c1, k60).
1618923613: Client FR-CAR-1 closed its connection.
1618923619: Client FR-CAR-2 closed its connection.
1618923655: Client FR-CAR-URG-1 closed its connection.
1618923965: Client FR51100-JAURES-GW-001 closed its connection.
1618923968: mosquitto version 2.0.7 terminating
1618923968: Saving in-memory database to /mosquitto/data//mosquitto.db.
